🚀 Starting Wiggum Worker for: test-debug-2
📍 Project Path: /home/julien/Desktop/Free-Wiggum-opencode/projects/test-debug-2
⏰ Started at: Thu Mar 12 04:28:41 PM EDT 2026
⚡ Token Budget: 64000
━━━━━━━━━━━━━━━━━━━━━━━━━━━━━━━━════

📍 Iteration 23 at Thu Mar 12 04:28:41 PM EDT 2026...
🤖 OpenCode processing: Create comprehensive README with installation, usage examples, and troubleshooting
[0m
> build · stepfun/step-3.5-flash:free
[0m
I'll create a comprehensive README for the weather CLI tool project. Let me first examine the project structure to understand what has been built.
[0m→ [0mRead .
[0m
[0m$ [0mfind /home/julien/Desktop/Free-Wiggum-opencode/projects/test-debug-2 -type f -name "*.py" | head -20
/home/julien/Desktop/Free-Wiggum-opencode/projects/test-debug-2/test_formatters.py
/home/julien/Desktop/Free-Wiggum-opencode/projects/test-debug-2/.venv/lib/python3.14/site-packages/pluggy/__init__.py
/home/julien/Desktop/Free-Wiggum-opencode/projects/test-debug-2/.venv/lib/python3.14/site-packages/pluggy/_manager.py
/home/julien/Desktop/Free-Wiggum-opencode/projects/test-debug-2/.venv/lib/python3.14/site-packages/pluggy/_warnings.py
/home/julien/Desktop/Free-Wiggum-opencode/projects/test-debug-2/.venv/lib/python3.14/site-packages/pluggy/_hooks.py
/home/julien/Desktop/Free-Wiggum-opencode/projects/test-debug-2/.venv/lib/python3.14/site-packages/pluggy/_callers.py
/home/julien/Desktop/Free-Wiggum-opencode/projects/test-debug-2/.venv/lib/python3.14/site-packages/pluggy/_result.py
/home/julien/Desktop/Free-Wiggum-opencode/projects/test-debug-2/.venv/lib/python3.14/site-packages/pluggy/_version.py
/home/julien/Desktop/Free-Wiggum-opencode/projects/test-debug-2/.venv/lib/python3.14/site-packages/pluggy/_tracing.py
/home/julien/Desktop/Free-Wiggum-opencode/projects/test-debug-2/.venv/lib/python3.14/site-packages/pytest/__init__.py
/home/julien/Desktop/Free-Wiggum-opencode/projects/test-debug-2/.venv/lib/python3.14/site-packages/pytest/__main__.py
/home/julien/Desktop/Free-Wiggum-opencode/projects/test-debug-2/.venv/lib/python3.14/site-packages/iniconfig/__init__.py
/home/julien/Desktop/Free-Wiggum-opencode/projects/test-debug-2/.venv/lib/python3.14/site-packages/iniconfig/_parse.py
/home/julien/Desktop/Free-Wiggum-opencode/projects/test-debug-2/.venv/lib/python3.14/site-packages/iniconfig/_version.py
/home/julien/Desktop/Free-Wiggum-opencode/projects/test-debug-2/.venv/lib/python3.14/site-packages/iniconfig/exceptions.py
/home/julien/Desktop/Free-Wiggum-opencode/projects/test-debug-2/.venv/lib/python3.14/site-packages/packaging/metadata.py
/home/julien/Desktop/Free-Wiggum-opencode/projects/test-debug-2/.venv/lib/python3.14/site-packages/packaging/_structures.py
/home/julien/Desktop/Free-Wiggum-opencode/projects/test-debug-2/.venv/lib/python3.14/site-packages/packaging/__init__.py
/home/julien/Desktop/Free-Wiggum-opencode/projects/test-debug-2/.venv/lib/python3.14/site-packages/packaging/specifiers.py
/home/julien/Desktop/Free-Wiggum-opencode/projects/test-debug-2/.venv/lib/python3.14/site-packages/packaging/requirements.py
[0m
[0m→ [0mRead pyproject.toml
[0m→ [0mRead requirements.md
[0m✱ [0mGlob "src/**/*.py"[90m 10 matches[0m
[0m→ [0mRead src/weather_cli/weather.py
[0m→ [0mRead src/weather_cli/api/client.py
[0m✱ [0mGlob "src/weather_cli/*.py"[90m 6 matches[0m
[0m→ [0mRead src/weather_cli/models.py
[0m→ [0mRead src/weather_cli/display/format.py
[0m✱ [0mGlob "src/weather_cli/config.py"[90m 0 matches[0m
[0m→ [0mRead src/weather_cli/cache.py
[0m→ [0mRead src/weather_cli/exceptions.py
[0m→ [0mRead src/weather_cli/validation.py
📝 Log saved: logs/iteration-23.md
📊 Token Usage: 3000 / Session: 3000 / 64000
