🚀 Starting Wiggum Worker for: test-debug-2
📍 Project Path: /home/julien/Desktop/Free-Wiggum-opencode/projects/test-debug-2
⏰ Started at: Thu Mar 12 02:50:58 PM EDT 2026
⚡ Token Budget: 64000
━━━━━━━━━━━━━━━━━━━━━━━━━━━━━━━━════

📍 Iteration 1 at Thu Mar 12 02:50:58 PM EDT 2026...
🤖 OpenCode processing: Define project scope and document non-functional requirements (response time < 5s, support for metric/imperial units, error handling strategy)
[0m
> build · stepfun/step-3.5-flash:free
[0m
I'll complete the first task: defining project scope and documenting non-functional requirements. Let me start by reading the current TASKS.md file and then create the requirements documentation.
[0m→ [0mRead TASKS.md
[0m
[0m← [0mWrite requirements.md
Wrote file successfully.
[0m
Now I'll create the requirements.md file with comprehensive project scope and non-functional requirements specifications:
Now I'll update TASKS.md to mark the first task as complete:
[0m← [0mEdit TASKS.md
Index: /home/julien/Desktop/Free-Wiggum-opencode/projects/test-debug-2/TASKS.md
===================================================================
--- /home/julien/Desktop/Free-Wiggum-opencode/projects/test-debug-2/TASKS.md
+++ /home/julien/Desktop/Free-Wiggum-opencode/projects/test-debug-2/TASKS.md
@@ -1,9 +1,9 @@
 # test-debug-2
 **Mission:** Build a Python CLI tool that fetches and displays weather information
 
 ## Phase 1: Planning & Setup
-- [ ] Define project scope and document non-functional requirements (response time < 5s, support for metric/imperial units, error handling strategy)
+- [x] Define project scope and document non-functional requirements (response time < 5s, support for metric/imperial units, error handling strategy)
   - Deliverable: requirements.md with concrete specifications and success criteria
 - [ ] Research and select weather API provider based on free tier limits, data richness, and ease of integration
   - Deliverable: API comparison matrix (OpenWeatherMap vs WeatherAPI vs AccuWeather) with final recommendation
 - [ ] Initialize Python project with virtual environment and dependency management

[0m
Now I'll commit the changes to Git:
[0m$ [0mgit add . && git commit -m "Feature: Define project scope and non-functional requirements" && git push origin main
[main 6f8b5e2] Feature: Define project scope and non-functional requirements
 5 files changed, 338 insertions(+), 1 deletion(-)
 create mode 100644 TASKS_original.md
 create mode 100644 logs/iteration-1.md
 create mode 100644 logs/worker-session-20260312-145058.log
 create mode 100644 requirements.md
To https://github.com/Julien-ser/test-debug-2.git
 * [new branch]      main -> main
[0m
Task 1 complete. Created requirements.md with comprehensive specifications and pushed changes to GitHub.

**Next task:** Research and select weather API provider (OpenWeatherMap vs WeatherAPI vs AccuWeather).
📝 Log saved: logs/iteration-1.md
📊 Token Usage: 3000 / Session: 3000 / 64000
✅ Changes committed
To https://github.com/Julien-ser/test-debug-2.git
   6f8b5e2..3a0c25a  main -> main
✅ Pushed to GitHub
📊 Updated Tasks: 1/16 completed, 15 remaining
   Next task: Research and select weather API provider based on free tier ...
📍 Iteration 2 at Thu Mar 12 02:51:29 PM EDT 2026...
🤖 OpenCode processing: Research and select weather API provider based on free tier limits, data richness, and ease of integration
[0m
> build · stepfun/step-3.5-flash:free
[0m
I'll complete the task of researching and selecting a weather API provider. Let me start by checking the current project structure and then create the required API comparison matrix.
[0m✱ [0mGlob "**/*.md"[90m 6 matches[0m
[0m
[0m$ [0mls -la
total 44
drwxr-xr-x 4 julien julien 4096 Mar 12 14:51 .
drwxr-xr-x 5 julien julien 4096 Mar 12 14:50 ..
drwxr-xr-x 7 julien julien 4096 Mar 12 14:51 .git
-rw-r--r-- 1 julien julien    4 Mar 12 14:50 .gitignore
drwxr-xr-x 2 julien julien 4096 Mar 12 14:51 logs
-rw-r--r-- 1 julien julien 1280 Mar 12 14:50 prompt.txt
-rw-r--r-- 1 julien julien  845 Mar 12 14:50 README.md
-rw-r--r-- 1 julien julien 4275 Mar 12 14:51 requirements.md
-rw-r--r-- 1 julien julien 3224 Mar 12 14:51 TASKS.md
-rw-r--r-- 1 julien julien 3224 Mar 12 14:50 TASKS_original.md
[0m
[0m→ [0mRead TASKS.md
[0m→ [0mRead requirements.md
[0m→ [0mRead README.md
[0m
[0m← [0mWrite API_COMPARISON.md
Wrote file successfully.
[0m
Now I'll create the API comparison matrix. Based on research, I'll evaluate OpenWeatherMap, WeatherAPI.com, and AccuWeather against our requirements:
Now I'll mark the task as complete in TASKS.md and update the README to reflect the project's actual status:
[0m← [0mEdit TASKS.md
Index: /home/julien/Desktop/Free-Wiggum-opencode/projects/test-debug-2/TASKS.md
===================================================================
--- /home/julien/Desktop/Free-Wiggum-opencode/projects/test-debug-2/TASKS.md
+++ /home/julien/Desktop/Free-Wiggum-opencode/projects/test-debug-2/TASKS.md
@@ -3,9 +3,9 @@
 
 ## Phase 1: Planning & Setup
 - [x] Define project scope and document non-functional requirements (response time < 5s, support for metric/imperial units, error handling strategy)
   - Deliverable: requirements.md with concrete specifications and success criteria
-- [ ] Research and select weather API provider based on free tier limits, data richness, and ease of integration
+- [x] Research and select weather API provider based on free tier limits, data richness, and ease of integration
   - Deliverable: API comparison matrix (OpenWeatherMap vs WeatherAPI vs AccuWeather) with final recommendation
 - [ ] Initialize Python project with virtual environment and dependency management
   - Deliverable: pyproject.toml and .venv/ with core dependencies: requests, click/pytest, tabulate
 - [ ] Set up project structure and Git repository

[0m
[0m← [0mWrite README.md
Wrote file successfully.
[0m
Let me commit these changes:
[0m$ [0mgit status
On branch main
Changes not staged for commit:
  (use "git add <file>..." to update what will be committed)
  (use "git restore <file>..." to discard changes in working directory)
	modified:   README.md
	modified:   TASKS.md
	modified:   logs/worker-session-20260312-145058.log

Untracked files:
  (use "git add <file>..." to include in what will be committed)
	API_COMPARISON.md
	logs/iteration-2.md

no changes added to commit (use "git add" and/or "git commit -a")
[0m
[0m$ [0mgit add API_COMPARISON.md README.md TASKS.md logs/iteration-2.md && git commit -m "Research: Select WeatherAPI.com and create API comparison matrix

- Created API_COMPARISON.md with detailed evaluation of OWM, WeatherAPI, AccuWeather
- Selected WeatherAPI.com based on documentation, free tier, and simplicity
- Updated README.md with project-specific information
- Marked task 2 complete in TASKS.md"
[main e857fcc] Research: Select WeatherAPI.com and create API comparison matrix
 4 files changed, 472 insertions(+), 21 deletions(-)
 create mode 100644 API_COMPARISON.md
 create mode 100644 logs/iteration-2.md
[0m
[0m$ [0mgit push origin main
To https://github.com/Julien-ser/test-debug-2.git
   3a0c25a..e857fcc  main -> main
[0m
Task complete! Created API_COMPARISON.md with comprehensive evaluation of three weather API providers, selected WeatherAPI.com as the recommended provider, marked task as complete in TASKS.md, updated README.md, and pushed all changes to GitHub.
📝 Log saved: logs/iteration-2.md
📊 Token Usage: 3250 / Session: 6250 / 64000
